# JRE version: 7.0_11-b21
# Java VM: Java HotSpot(TM) 64-Bit Server VM (23.6-b04 mixed mode windows-amd64 compressed oops)
Heap
 PSYoungGen      total 50176K, used 32100K [0x00000000fa000000, 0x00000000fdb00000, 0x0000000100000000)
  eden space 47488K, 61% used [0x00000000fa000000,0x00000000fbcbe230,0x00000000fce60000)
  from space 2688K, 99% used [0x00000000fd860000,0x00000000fdafb120,0x00000000fdb00000)
  to   space 6208K, 0% used [0x00000000fcee0000,0x00000000fcee0000,0x00000000fd4f0000)
 ParOldGen       total 97216K, used 60999K [0x00000000e8000000, 0x00000000edef0000, 0x00000000fa000000)
  object space 97216K, 62% used [0x00000000e8000000,0x00000000ebb91dd8,0x00000000edef0000)
 PSPermGen       total 105792K, used 63920K [0x00000000e0000000, 0x00000000e6750000, 0x00000000e8000000)
  object space 105792K, 60% used [0x00000000e0000000,0x00000000e3e6c0a0,0x00000000e6750000)
GC Heap History (10 events):
Event: 1438.860 GC heap before
{Heap before GC invocations=139 (full 3):
 PSYoungGen      total 52992K, used 50571K [0x00000000fa000000, 0x00000000fdc90000, 0x0000000100000000)
  eden space 48192K, 100% used [0x00000000fa000000,0x00000000fcf10000,0x00000000fcf10000)
  from space 4800K, 49% used [0x00000000fcf10000,0x00000000fd162e48,0x00000000fd3c0000)
  to   space 4608K, 0% used [0x00000000fd810000,0x00000000fd810000,0x00000000fdc90000)
 ParOldGen       total 97216K, used 57110K [0x00000000e8000000, 0x00000000edef0000, 0x00000000fa000000)
  object space 97216K, 58% used [0x00000000e8000000,0x00000000eb7c5828,0x00000000edef0000)
 PSPermGen       total 105792K, used 62112K [0x00000000e0000000, 0x00000000e6750000, 0x00000000e8000000)
  object space 105792K, 58% used [0x00000000e0000000,0x00000000e3ca80d8,0x00000000e6750000)
Event: 1438.864 GC heap after
Heap after GC invocations=139 (full 3):
 PSYoungGen      total 55872K, used 2695K [0x00000000fa000000, 0x00000000fdbc0000, 0x0000000100000000)
  eden space 52096K, 0% used [0x00000000fa000000,0x00000000fa000000,0x00000000fd2e0000)
  from space 3776K, 71% used [0x00000000fd810000,0x00000000fdab1f58,0x00000000fdbc0000)
  to   space 4544K, 0% used [0x00000000fd2e0000,0x00000000fd2e0000,0x00000000fd750000)
 ParOldGen       total 97216K, used 57110K [0x00000000e8000000, 0x00000000edef0000, 0x00000000fa000000)
  object space 97216K, 58% used [0x00000000e8000000,0x00000000eb7c5828,0x00000000edef0000)
 PSPermGen       total 105792K, used 62112K [0x00000000e0000000, 0x00000000e6750000, 0x00000000e8000000)
  object space 105792K, 58% used [0x00000000e0000000,0x00000000e3ca80d8,0x00000000e6750000)
}
Event: 1461.936 GC heap before
{Heap before GC invocations=140 (full 3):
 PSYoungGen      total 55872K, used 54791K [0x00000000fa000000, 0x00000000fdbc0000, 0x0000000100000000)
  eden space 52096K, 100% used [0x00000000fa000000,0x00000000fd2e0000,0x00000000fd2e0000)
  from space 3776K, 71% used [0x00000000fd810000,0x00000000fdab1f58,0x00000000fdbc0000)
  to   space 4544K, 0% used [0x00000000fd2e0000,0x00000000fd2e0000,0x00000000fd750000)
 ParOldGen       total 97216K, used 57110K [0x00000000e8000000, 0x00000000edef0000, 0x00000000fa000000)
  object space 97216K, 58% used [0x00000000e8000000,0x00000000eb7c5828,0x00000000edef0000)
 PSPermGen       total 105792K, used 62130K [0x00000000e0000000, 0x00000000e6750000, 0x00000000e8000000)
  object space 105792K, 58% used [0x00000000e0000000,0x00000000e3cac990,0x00000000e6750000)
Event: 1461.940 GC heap after
Heap after GC invocations=140 (full 3):
 PSYoungGen      total 56640K, used 3239K [0x00000000fa000000, 0x00000000fdf80000, 0x0000000100000000)
  eden space 52096K, 0% used [0x00000000fa000000,0x00000000fa000000,0x00000000fd2e0000)
  from space 4544K, 71% used [0x00000000fd2e0000,0x00000000fd609f58,0x00000000fd750000)
  to   space 4672K, 0% used [0x00000000fdaf0000,0x00000000fdaf0000,0x00000000fdf80000)
 ParOldGen       total 97216K, used 57110K [0x00000000e8000000, 0x00000000edef0000, 0x00000000fa000000)
  object space 97216K, 58% used [0x00000000e8000000,0x00000000eb7c5828,0x00000000edef0000)
 PSPermGen       total 105792K, used 62130K [0x00000000e0000000, 0x00000000e6750000, 0x00000000e8000000)
  object space 105792K, 58% used [0x00000000e0000000,0x00000000e3cac990,0x00000000e6750000)
}
Event: 1533.980 GC heap before
{Heap before GC invocations=141 (full 3):
 PSYoungGen      total 56640K, used 55335K [0x00000000fa000000, 0x00000000fdf80000, 0x0000000100000000)
  eden space 52096K, 100% used [0x00000000fa000000,0x00000000fd2e0000,0x00000000fd2e0000)
  from space 4544K, 71% used [0x00000000fd2e0000,0x00000000fd609f58,0x00000000fd750000)
  to   space 4672K, 0% used [0x00000000fdaf0000,0x00000000fdaf0000,0x00000000fdf80000)
 ParOldGen       total 97216K, used 57110K [0x00000000e8000000, 0x00000000edef0000, 0x00000000fa000000)
  object space 97216K, 58% used [0x00000000e8000000,0x00000000eb7c5828,0x00000000edef0000)
 PSPermGen       total 105792K, used 62134K [0x00000000e0000000, 0x00000000e6750000, 0x00000000e8000000)
  object space 105792K, 58% used [0x00000000e0000000,0x00000000e3cad900,0x00000000e6750000)
Event: 1533.984 GC heap after
Heap after GC invocations=141 (full 3):
 PSYoungGen      total 53824K, used 3303K [0x00000000fa000000, 0x00000000fde30000, 0x0000000100000000)
  eden space 50496K, 0% used [0x00000000fa000000,0x00000000fa000000,0x00000000fd150000)
  from space 3328K, 99% used [0x00000000fdaf0000,0x00000000fde29f58,0x00000000fde30000)
  to   space 4800K, 0% used [0x00000000fd4d0000,0x00000000fd4d0000,0x00000000fd980000)
 ParOldGen       total 97216K, used 57110K [0x00000000e8000000, 0x00000000edef0000, 0x00000000fa000000)
  object space 97216K, 58% used [0x00000000e8000000,0x00000000eb7c5828,0x00000000edef0000)
 PSPermGen       total 105792K, used 62134K [0x00000000e0000000, 0x00000000e6750000, 0x00000000e8000000)
  object space 105792K, 58% used [0x00000000e0000000,0x00000000e3cad900,0x00000000e6750000)
}
Event: 1565.849 GC heap before
{Heap before GC invocations=142 (full 3):
 PSYoungGen      total 53824K, used 53799K [0x00000000fa000000, 0x00000000fde30000, 0x0000000100000000)
  eden space 50496K, 100% used [0x00000000fa000000,0x00000000fd150000,0x00000000fd150000)
  from space 3328K, 99% used [0x00000000fdaf0000,0x00000000fde29f58,0x00000000fde30000)
  to   space 4800K, 0% used [0x00000000fd4d0000,0x00000000fd4d0000,0x00000000fd980000)
 ParOldGen       total 97216K, used 57110K [0x00000000e8000000, 0x00000000edef0000, 0x00000000fa000000)
  object space 97216K, 58% used [0x00000000e8000000,0x00000000eb7c5828,0x00000000edef0000)
 PSPermGen       total 105792K, used 62819K [0x00000000e0000000, 0x00000000e6750000, 0x00000000e8000000)
  object space 105792K, 59% used [0x00000000e0000000,0x00000000e3d58c10,0x00000000e6750000)
Event: 1565.853 GC heap after
Heap after GC invocations=142 (full 3):
 PSYoungGen      total 52608K, used 3641K [0x00000000fa000000, 0x00000000fdb00000, 0x0000000100000000)
  eden space 48960K, 0% used [0x00000000fa000000,0x00000000fa000000,0x00000000fcfd0000)
  from space 3648K, 99% used [0x00000000fd4d0000,0x00000000fd85e608,0x00000000fd860000)
  to   space 2688K, 0% used [0x00000000fd860000,0x00000000fd860000,0x00000000fdb00000)
 ParOldGen       total 97216K, used 57110K [0x00000000e8000000, 0x00000000edef0000, 0x00000000fa000000)
  object space 97216K, 58% used [0x00000000e8000000,0x00000000eb7c5828,0x00000000edef0000)
 PSPermGen       total 105792K, used 62819K [0x00000000e0000000, 0x00000000e6750000, 0x00000000e8000000)
  object space 105792K, 59% used [0x00000000e0000000,0x00000000e3d58c10,0x00000000e6750000)
}
Event: 1572.303 GC heap before
{Heap before GC invocations=143 (full 3):
 PSYoungGen      total 52608K, used 52601K [0x00000000fa000000, 0x00000000fdb00000, 0x0000000100000000)
  eden space 48960K, 100% used [0x00000000fa000000,0x00000000fcfd0000,0x00000000fcfd0000)
  from space 3648K, 99% used [0x00000000fd4d0000,0x00000000fd85e608,0x00000000fd860000)
  to   space 2688K, 0% used [0x00000000fd860000,0x00000000fd860000,0x00000000fdb00000)
 ParOldGen       total 97216K, used 57110K [0x00000000e8000000, 0x00000000edef0000, 0x00000000fa000000)
  object space 97216K, 58% used [0x00000000e8000000,0x00000000eb7c5828,0x00000000edef0000)
 PSPermGen       total 105792K, used 63628K [0x00000000e0000000, 0x00000000e6750000, 0x00000000e8000000)
  object space 105792K, 60% used [0x00000000e0000000,0x00000000e3e23160,0x00000000e6750000)
Event: 1572.308 GC heap after
Heap after GC invocations=143 (full 3):
 PSYoungGen      total 50176K, used 2668K [0x00000000fa000000, 0x00000000fdb00000, 0x0000000100000000)
  eden space 47488K, 0% used [0x00000000fa000000,0x00000000fa000000,0x00000000fce60000)
  from space 2688K, 99% used [0x00000000fd860000,0x00000000fdafb120,0x00000000fdb00000)
  to   space 6208K, 0% used [0x00000000fcee0000,0x00000000fcee0000,0x00000000fd4f0000)
 ParOldGen       total 97216K, used 60999K [0x00000000e8000000, 0x00000000edef0000, 0x00000000fa000000)
  object space 97216K, 62% used [0x00000000e8000000,0x00000000ebb91dd8,0x00000000edef0000)
 PSPermGen       total 105792K, used 63628K [0x00000000e0000000, 0x00000000e6750000, 0x00000000e8000000)
  object space 105792K, 60% used [0x00000000e0000000,0x00000000e3e23160,0x00000000e6750000)
}

